{"C:\\Users\\kapan\\source\\repos\\Github\\react-class-to-function\\src\\traverseTree.js": {"path":"C:\\Users\\kapan\\source\\repos\\Github\\react-class-to-function\\src\\traverseTree.js","statementMap":{"0":{"start":{"line":5,"column":28},"end":{"line":24,"column":1}},"1":{"start":{"line":6,"column":2},"end":{"line":23,"column":5}},"2":{"start":{"line":8,"column":6},"end":{"line":15,"column":7}},"3":{"start":{"line":9,"column":22},"end":{"line":9,"column":59}},"4":{"start":{"line":10,"column":8},"end":{"line":14,"column":9}},"5":{"start":{"line":11,"column":10},"end":{"line":11,"column":42}},"6":{"start":{"line":13,"column":10},"end":{"line":13,"column":24}},"7":{"start":{"line":18,"column":6},"end":{"line":21,"column":7}},"8":{"start":{"line":19,"column":27},"end":{"line":19,"column":75}},"9":{"start":{"line":20,"column":8},"end":{"line":20,"column":48}},"10":{"start":{"line":26,"column":42},"end":{"line":41,"column":1}},"11":{"start":{"line":27,"column":15},"end":{"line":27,"column":29}},"12":{"start":{"line":28,"column":26},"end":{"line":34,"column":4}},"13":{"start":{"line":29,"column":23},"end":{"line":29,"column":35}},"14":{"start":{"line":30,"column":25},"end":{"line":30,"column":67}},"15":{"start":{"line":31,"column":28},"end":{"line":31,"column":55}},"16":{"start":{"line":32,"column":24},"end":{"line":32,"column":64}},"17":{"start":{"line":33,"column":4},"end":{"line":33,"column":58}},"18":{"start":{"line":35,"column":2},"end":{"line":39,"column":3}},"19":{"start":{"line":37,"column":6},"end":{"line":37,"column":63}},"20":{"start":{"line":38,"column":4},"end":{"line":38,"column":42}},"21":{"start":{"line":40,"column":2},"end":{"line":40,"column":14}},"22":{"start":{"line":43,"column":34},"end":{"line":48,"column":1}},"23":{"start":{"line":44,"column":2},"end":{"line":46,"column":3}},"24":{"start":{"line":45,"column":4},"end":{"line":45,"column":54}},"25":{"start":{"line":45,"column":29},"end":{"line":45,"column":52}},"26":{"start":{"line":47,"column":2},"end":{"line":47,"column":14}},"27":{"start":{"line":50,"column":33},"end":{"line":62,"column":1}},"28":{"start":{"line":51,"column":23},"end":{"line":53,"column":4}},"29":{"start":{"line":55,"column":21},"end":{"line":55,"column":34}},"30":{"start":{"line":56,"column":21},"end":{"line":56,"column":51}},"31":{"start":{"line":57,"column":2},"end":{"line":61,"column":5}},"32":{"start":{"line":64,"column":34},"end":{"line":70,"column":1}},"33":{"start":{"line":65,"column":2},"end":{"line":68,"column":3}},"34":{"start":{"line":66,"column":19},"end":{"line":66,"column":63}},"35":{"start":{"line":67,"column":4},"end":{"line":67,"column":54}},"36":{"start":{"line":69,"column":2},"end":{"line":69,"column":14}},"37":{"start":{"line":72,"column":39},"end":{"line":78,"column":1}},"38":{"start":{"line":74,"column":4},"end":{"line":74,"column":69}},"39":{"start":{"line":76,"column":4},"end":{"line":76,"column":62}},"40":{"start":{"line":77,"column":2},"end":{"line":77,"column":47}},"41":{"start":{"line":80,"column":51},"end":{"line":94,"column":1}},"42":{"start":{"line":81,"column":2},"end":{"line":93,"column":3}},"43":{"start":{"line":82,"column":17},"end":{"line":82,"column":55}},"44":{"start":{"line":83,"column":4},"end":{"line":86,"column":6}},"45":{"start":{"line":88,"column":4},"end":{"line":92,"column":6}}},"fnMap":{"0":{"name":"(anonymous_0)","decl":{"start":{"line":5,"column":28},"end":{"line":5,"column":29}},"loc":{"start":{"line":5,"column":35},"end":{"line":24,"column":1}},"line":5},"1":{"name":"(anonymous_1)","decl":{"start":{"line":7,"column":17},"end":{"line":7,"column":18}},"loc":{"start":{"line":7,"column":25},"end":{"line":16,"column":5}},"line":7},"2":{"name":"(anonymous_2)","decl":{"start":{"line":17,"column":20},"end":{"line":17,"column":21}},"loc":{"start":{"line":17,"column":28},"end":{"line":22,"column":5}},"line":17},"3":{"name":"(anonymous_3)","decl":{"start":{"line":26,"column":42},"end":{"line":26,"column":43}},"loc":{"start":{"line":26,"column":50},"end":{"line":41,"column":1}},"line":26},"4":{"name":"(anonymous_4)","decl":{"start":{"line":28,"column":36},"end":{"line":28,"column":37}},"loc":{"start":{"line":28,"column":41},"end":{"line":34,"column":3}},"line":28},"5":{"name":"(anonymous_5)","decl":{"start":{"line":43,"column":34},"end":{"line":43,"column":35}},"loc":{"start":{"line":43,"column":43},"end":{"line":48,"column":1}},"line":43},"6":{"name":"(anonymous_6)","decl":{"start":{"line":45,"column":21},"end":{"line":45,"column":22}},"loc":{"start":{"line":45,"column":29},"end":{"line":45,"column":52}},"line":45},"7":{"name":"(anonymous_7)","decl":{"start":{"line":50,"column":33},"end":{"line":50,"column":34}},"loc":{"start":{"line":50,"column":41},"end":{"line":62,"column":1}},"line":50},"8":{"name":"(anonymous_8)","decl":{"start":{"line":64,"column":34},"end":{"line":64,"column":35}},"loc":{"start":{"line":64,"column":46},"end":{"line":70,"column":1}},"line":64},"9":{"name":"(anonymous_9)","decl":{"start":{"line":72,"column":39},"end":{"line":72,"column":40}},"loc":{"start":{"line":72,"column":59},"end":{"line":78,"column":1}},"line":72},"10":{"name":"(anonymous_10)","decl":{"start":{"line":80,"column":51},"end":{"line":80,"column":52}},"loc":{"start":{"line":80,"column":71},"end":{"line":94,"column":1}},"line":80}},"branchMap":{"0":{"loc":{"start":{"line":8,"column":6},"end":{"line":15,"column":7}},"type":"if","locations":[{"start":{"line":8,"column":6},"end":{"line":15,"column":7}},{"start":{"line":8,"column":6},"end":{"line":15,"column":7}}],"line":8},"1":{"loc":{"start":{"line":10,"column":8},"end":{"line":14,"column":9}},"type":"if","locations":[{"start":{"line":10,"column":8},"end":{"line":14,"column":9}},{"start":{"line":10,"column":8},"end":{"line":14,"column":9}}],"line":10},"2":{"loc":{"start":{"line":18,"column":6},"end":{"line":21,"column":7}},"type":"if","locations":[{"start":{"line":18,"column":6},"end":{"line":21,"column":7}},{"start":{"line":18,"column":6},"end":{"line":21,"column":7}}],"line":18},"3":{"loc":{"start":{"line":33,"column":11},"end":{"line":33,"column":57}},"type":"binary-expr","locations":[{"start":{"line":33,"column":11},"end":{"line":33,"column":23}},{"start":{"line":33,"column":27},"end":{"line":33,"column":42}},{"start":{"line":33,"column":46},"end":{"line":33,"column":57}}],"line":33},"4":{"loc":{"start":{"line":35,"column":2},"end":{"line":39,"column":3}},"type":"if","locations":[{"start":{"line":35,"column":2},"end":{"line":39,"column":3}},{"start":{"line":35,"column":2},"end":{"line":39,"column":3}}],"line":35},"5":{"loc":{"start":{"line":37,"column":6},"end":{"line":37,"column":63}},"type":"binary-expr","locations":[{"start":{"line":37,"column":6},"end":{"line":37,"column":57}},{"start":{"line":37,"column":61},"end":{"line":37,"column":63}}],"line":37},"6":{"loc":{"start":{"line":37,"column":7},"end":{"line":37,"column":45}},"type":"binary-expr","locations":[{"start":{"line":37,"column":7},"end":{"line":37,"column":39}},{"start":{"line":37,"column":43},"end":{"line":37,"column":45}}],"line":37},"7":{"loc":{"start":{"line":44,"column":2},"end":{"line":46,"column":3}},"type":"if","locations":[{"start":{"line":44,"column":2},"end":{"line":46,"column":3}},{"start":{"line":44,"column":2},"end":{"line":46,"column":3}}],"line":44},"8":{"loc":{"start":{"line":44,"column":6},"end":{"line":44,"column":35}},"type":"binary-expr","locations":[{"start":{"line":44,"column":6},"end":{"line":44,"column":11}},{"start":{"line":44,"column":15},"end":{"line":44,"column":35}}],"line":44},"9":{"loc":{"start":{"line":65,"column":2},"end":{"line":68,"column":3}},"type":"if","locations":[{"start":{"line":65,"column":2},"end":{"line":68,"column":3}},{"start":{"line":65,"column":2},"end":{"line":68,"column":3}}],"line":65},"10":{"loc":{"start":{"line":65,"column":6},"end":{"line":65,"column":37}},"type":"binary-expr","locations":[{"start":{"line":65,"column":6},"end":{"line":65,"column":14}},{"start":{"line":65,"column":18},"end":{"line":65,"column":37}}],"line":65},"11":{"loc":{"start":{"line":66,"column":19},"end":{"line":66,"column":63}},"type":"cond-expr","locations":[{"start":{"line":66,"column":41},"end":{"line":66,"column":58}},{"start":{"line":66,"column":61},"end":{"line":66,"column":63}}],"line":66},"12":{"loc":{"start":{"line":74,"column":5},"end":{"line":74,"column":42}},"type":"binary-expr","locations":[{"start":{"line":74,"column":5},"end":{"line":74,"column":36}},{"start":{"line":74,"column":40},"end":{"line":74,"column":42}}],"line":74},"13":{"loc":{"start":{"line":74,"column":6},"end":{"line":74,"column":28}},"type":"binary-expr","locations":[{"start":{"line":74,"column":6},"end":{"line":74,"column":22}},{"start":{"line":74,"column":26},"end":{"line":74,"column":28}}],"line":74},"14":{"loc":{"start":{"line":76,"column":5},"end":{"line":76,"column":44}},"type":"binary-expr","locations":[{"start":{"line":76,"column":5},"end":{"line":76,"column":38}},{"start":{"line":76,"column":42},"end":{"line":76,"column":44}}],"line":76},"15":{"loc":{"start":{"line":76,"column":6},"end":{"line":76,"column":28}},"type":"binary-expr","locations":[{"start":{"line":76,"column":6},"end":{"line":76,"column":22}},{"start":{"line":76,"column":26},"end":{"line":76,"column":28}}],"line":76},"16":{"loc":{"start":{"line":77,"column":9},"end":{"line":77,"column":46}},"type":"binary-expr","locations":[{"start":{"line":77,"column":9},"end":{"line":77,"column":26}},{"start":{"line":77,"column":30},"end":{"line":77,"column":46}}],"line":77},"17":{"loc":{"start":{"line":81,"column":2},"end":{"line":93,"column":3}},"type":"if","locations":[{"start":{"line":81,"column":2},"end":{"line":93,"column":3}},{"start":{"line":81,"column":2},"end":{"line":93,"column":3}}],"line":81},"18":{"loc":{"start":{"line":81,"column":7},"end":{"line":81,"column":29}},"type":"binary-expr","locations":[{"start":{"line":81,"column":7},"end":{"line":81,"column":23}},{"start":{"line":81,"column":27},"end":{"line":81,"column":29}}],"line":81},"19":{"loc":{"start":{"line":82,"column":18},"end":{"line":82,"column":49}},"type":"binary-expr","locations":[{"start":{"line":82,"column":18},"end":{"line":82,"column":43}},{"start":{"line":82,"column":47},"end":{"line":82,"column":49}}],"line":82},"20":{"loc":{"start":{"line":90,"column":9},"end":{"line":90,"column":31}},"type":"binary-expr","locations":[{"start":{"line":90,"column":9},"end":{"line":90,"column":25}},{"start":{"line":90,"column":29},"end":{"line":90,"column":31}}],"line":90}},"s":{"0":1,"1":0,"2":0,"3":0,"4":0,"5":0,"6":0,"7":0,"8":0,"9":0,"10":1,"11":0,"12":0,"13":0,"14":0,"15":0,"16":0,"17":0,"18":0,"19":0,"20":0,"21":0,"22":1,"23":0,"24":0,"25":0,"26":0,"27":1,"28":0,"29":0,"30":0,"31":0,"32":1,"33":4,"34":2,"35":2,"36":2,"37":1,"38":0,"39":0,"40":0,"41":1,"42":0,"43":0,"44":0,"45":0},"f":{"0":0,"1":0,"2":0,"3":0,"4":0,"5":0,"6":0,"7":0,"8":4,"9":0,"10":0},"b":{"0":[0,0],"1":[0,0],"2":[0,0],"3":[0,0,0],"4":[0,0],"5":[0,0],"6":[0,0],"7":[0,0],"8":[0,0],"9":[2,2],"10":[4,2],"11":[1,1],"12":[0,0],"13":[0,0],"14":[0,0],"15":[0,0],"16":[0,0],"17":[0,0],"18":[0,0],"19":[0,0],"20":[0,0]},"_coverageSchema":"43e27e138ebf9cfc5966b082cf9a028302ed4184","hash":"0a0cdb464bb63bc89ff00f84c0c3bfdfd8e591a0"}
}
